TN:
SF:src/configuration.ts
FN:16,defaultConfig
FN:18,getConfiguration
FN:72,getDocsInfo
FN:75,dirs.reduce.Promise.resolve.names
FN:102,bfsDir
FN:121,showQuickPick
FNF:6
FNH:5
FNDA:0,defaultConfig
FNDA:5,getConfiguration
FNDA:4,getDocsInfo
FNDA:7,dirs.reduce.Promise.resolve.names
FNDA:4,bfsDir
FNDA:4,showQuickPick
DA:1,1
DA:2,1
DA:3,1
DA:4,1
DA:5,1
DA:6,1
DA:7,1
DA:8,1
DA:9,1
DA:10,1
DA:11,1
DA:12,1
DA:13,1
DA:14,1
DA:15,1
DA:16,1
DA:17,1
DA:18,1
DA:19,5
DA:20,5
DA:21,4
DA:22,4
DA:23,3
DA:24,3
DA:25,3
DA:26,3
DA:27,3
DA:28,2
DA:29,2
DA:30,3
DA:31,4
DA:32,4
DA:33,4
DA:34,4
DA:35,4
DA:36,4
DA:37,4
DA:38,4
DA:39,1
DA:40,1
DA:41,4
DA:42,3
DA:43,3
DA:44,3
DA:45,3
DA:46,3
DA:47,3
DA:48,2
DA:49,3
DA:50,1
DA:51,1
DA:52,3
DA:53,3
DA:54,4
DA:55,4
DA:56,4
DA:57,4
DA:58,4
DA:59,4
DA:60,4
DA:61,4
DA:62,4
DA:63,1
DA:64,1
DA:65,1
DA:66,1
DA:67,1
DA:68,1
DA:69,1
DA:70,1
DA:71,1
DA:72,1
DA:73,4
DA:74,4
DA:75,4
DA:76,7
DA:77,4
DA:78,4
DA:79,4
DA:80,4
DA:81,4
DA:82,4
DA:83,4
DA:84,4
DA:85,4
DA:86,4
DA:87,0
DA:88,0
DA:89,7
DA:90,3
DA:91,3
DA:92,3
DA:93,3
DA:94,3
DA:95,7
DA:96,4
DA:97,4
DA:98,4
DA:99,4
DA:100,4
DA:101,1
DA:102,1
DA:103,4
DA:104,4
DA:105,4
DA:106,4
DA:107,4
DA:108,4
DA:109,7
DA:110,7
DA:111,7
DA:112,7
DA:113,0
DA:114,0
DA:115,7
DA:116,4
DA:117,4
DA:118,4
DA:119,4
DA:120,1
DA:121,1
DA:122,4
DA:123,4
LF:123
LH:119
BRDA:18,0,0,5
BRDA:20,1,0,4
BRDA:22,2,0,3
BRDA:27,3,0,2
BRDA:38,4,0,1
BRDA:41,5,0,3
BRDA:47,6,0,2
BRDA:49,7,0,1
BRDA:63,8,0,1
BRDA:24,9,0,11
BRDA:28,10,0,2
BRDA:72,11,0,4
BRDA:73,12,0,7
BRDA:73,13,0,3
BRDA:74,14,0,4
BRDA:75,15,0,7
BRDA:76,16,0,4
BRDA:86,17,0,0
BRDA:89,18,0,3
BRDA:81,19,0,4
BRDA:90,20,0,3
BRDA:102,21,0,4
BRDA:108,22,0,7
BRDA:112,23,0,0
BRDA:121,24,0,4
BRF:25
BRH:23
end_of_record
TN:
SF:src/extension.ts
FN:12,activate
FN:58,deactivate
FNF:2
FNH:1
FNDA:1,activate
FNDA:0,deactivate
DA:1,1
DA:2,1
DA:3,1
DA:4,1
DA:5,1
DA:6,1
DA:7,1
DA:8,1
DA:9,1
DA:10,1
DA:11,1
DA:12,1
DA:13,1
DA:14,1
DA:15,1
DA:16,0
DA:17,0
DA:18,0
DA:19,0
DA:20,0
DA:21,0
DA:22,0
DA:23,0
DA:24,0
DA:25,0
DA:26,0
DA:27,0
DA:28,0
DA:29,0
DA:30,0
DA:31,0
DA:32,0
DA:33,0
DA:34,0
DA:35,0
DA:36,0
DA:37,0
DA:38,0
DA:39,0
DA:40,0
DA:41,0
DA:42,0
DA:43,0
DA:44,0
DA:45,0
DA:46,0
DA:47,0
DA:48,0
DA:49,0
DA:50,0
DA:51,0
DA:52,0
DA:53,0
DA:54,1
DA:55,1
DA:56,1
DA:57,1
DA:58,1
LF:58
LH:20
BRDA:12,0,0,1
BRF:1
BRH:1
end_of_record
TN:
SF:src/client/command.ts
FNF:0
FNH:0
DA:1,1
DA:2,1
DA:3,1
DA:4,1
DA:5,1
DA:6,1
DA:7,1
DA:8,1
DA:9,1
DA:10,1
DA:11,1
DA:12,1
LF:12
LH:12
BRDA:1,0,0,1
BRF:1
BRH:1
end_of_record
TN:
SF:src/client/navigation.ts
FN:9,navigatePanel
FNF:1
FNH:0
FNDA:0,navigatePanel
DA:1,1
DA:2,1
DA:3,1
DA:4,1
DA:5,1
DA:6,1
DA:7,1
DA:8,1
DA:9,1
DA:10,0
DA:11,0
DA:12,0
DA:13,0
DA:14,0
DA:15,0
DA:16,0
DA:17,0
DA:18,0
DA:19,0
DA:20,0
DA:21,0
DA:22,0
DA:23,0
DA:24,0
DA:25,0
DA:26,0
DA:27,0
DA:28,0
DA:29,0
DA:30,0
DA:31,0
DA:32,0
DA:33,0
DA:34,0
DA:35,0
LF:35
LH:9
BRDA:4,0,0,1
BRF:1
BRH:1
end_of_record
TN:
SF:src/doc-listener/configuration.ts
FN:9,configListener
FNF:1
FNH:0
FNDA:0,configListener
DA:1,1
DA:2,1
DA:3,1
DA:4,1
DA:5,1
DA:6,1
DA:7,1
DA:8,1
DA:9,1
DA:10,0
DA:11,0
DA:12,0
DA:13,0
DA:14,0
DA:15,0
DA:16,0
DA:17,0
DA:18,0
DA:19,0
DA:20,0
DA:21,0
DA:22,0
LF:22
LH:9
BRF:0
BRH:0
end_of_record
TN:
SF:src/doc-listener/error.ts
FN:8,errorListener
FNF:1
FNH:0
FNDA:0,errorListener
DA:1,1
DA:2,1
DA:3,1
DA:4,1
DA:5,1
DA:6,1
DA:7,1
DA:8,1
DA:9,0
DA:10,0
DA:11,0
DA:12,0
DA:13,0
DA:14,0
DA:15,0
DA:16,0
DA:17,0
LF:17
LH:8
BRF:0
BRH:0
end_of_record
TN:
SF:src/doc-listener/postMessage.ts
FN:14,postMessageListener
FN:84,getNewPathData
FNF:2
FNH:0
FNDA:0,postMessageListener
FNDA:0,getNewPathData
DA:1,1
DA:2,1
DA:3,1
DA:4,1
DA:5,1
DA:6,1
DA:7,1
DA:8,1
DA:9,1
DA:10,1
DA:11,1
DA:12,1
DA:13,1
DA:14,1
DA:15,0
DA:16,0
DA:17,0
DA:18,0
DA:19,0
DA:20,0
DA:21,0
DA:22,0
DA:23,0
DA:24,0
DA:25,0
DA:26,0
DA:27,0
DA:28,0
DA:29,0
DA:30,0
DA:31,0
DA:32,0
DA:33,0
DA:34,0
DA:35,0
DA:36,0
DA:37,0
DA:38,0
DA:39,0
DA:40,0
DA:41,0
DA:42,0
DA:43,0
DA:44,0
DA:45,0
DA:46,0
DA:47,0
DA:48,0
DA:49,0
DA:50,0
DA:51,0
DA:52,0
DA:53,0
DA:54,0
DA:55,0
DA:56,0
DA:57,0
DA:58,0
DA:59,0
DA:60,0
DA:61,0
DA:62,0
DA:63,0
DA:64,0
DA:65,0
DA:66,0
DA:67,0
DA:68,0
DA:69,0
DA:70,0
DA:71,0
DA:72,0
DA:73,0
DA:74,0
DA:75,0
DA:76,0
DA:77,0
DA:78,0
DA:79,0
DA:80,0
DA:81,0
DA:82,0
DA:83,1
DA:84,1
DA:85,0
DA:86,0
DA:87,0
DA:88,0
DA:89,0
DA:90,0
DA:91,0
DA:92,0
DA:93,0
LF:93
LH:16
BRF:0
BRH:0
end_of_record
TN:
SF:src/doc-listener/process.ts
FN:15,resetBuf
FN:17,pathFromRelative
FN:27,getParser
FN:87,processListener
FNF:4
FNH:0
FNDA:0,resetBuf
FNDA:0,pathFromRelative
FNDA:0,getParser
FNDA:0,processListener
DA:1,1
DA:2,1
DA:3,1
DA:4,1
DA:5,1
DA:6,1
DA:7,1
DA:8,1
DA:9,1
DA:10,1
DA:11,1
DA:12,1
DA:13,1
DA:14,1
DA:15,1
DA:16,1
DA:17,1
DA:18,0
DA:19,0
DA:20,0
DA:21,0
DA:22,1
DA:23,1
DA:24,1
DA:25,1
DA:26,1
DA:27,1
DA:28,1
DA:29,1
DA:30,1
DA:31,1
DA:32,1
DA:33,1
DA:34,1
DA:35,1
DA:36,1
DA:37,1
DA:38,1
DA:39,1
DA:40,1
DA:41,1
DA:42,1
DA:43,1
DA:44,1
DA:45,1
DA:46,1
DA:47,1
DA:48,1
DA:49,1
DA:50,1
DA:51,1
DA:52,1
DA:53,1
DA:54,1
DA:55,1
DA:56,1
DA:57,1
DA:58,1
DA:59,1
DA:60,1
DA:61,1
DA:62,1
DA:63,1
DA:64,1
DA:65,1
DA:66,1
DA:67,1
DA:68,1
DA:69,1
DA:70,1
DA:71,1
DA:72,1
DA:73,1
DA:74,1
DA:75,1
DA:76,1
DA:77,1
DA:78,1
DA:79,1
DA:80,1
DA:81,1
DA:82,1
DA:83,1
DA:84,1
DA:85,1
DA:86,1
DA:87,1
DA:88,0
DA:89,0
DA:90,0
DA:91,0
DA:92,0
DA:93,0
DA:94,0
DA:95,0
DA:96,0
DA:97,0
DA:98,0
DA:99,0
DA:100,0
DA:101,0
LF:101
LH:83
BRF:0
BRH:0
end_of_record
TN:
SF:src/doc-listener/render.ts
FN:6,renderListener
FNF:1
FNH:0
FNDA:0,renderListener
DA:1,1
DA:2,1
DA:3,1
DA:4,1
DA:5,1
DA:6,1
DA:7,0
DA:8,0
DA:9,0
DA:10,0
DA:11,0
DA:12,0
DA:13,0
DA:14,0
LF:14
LH:6
BRF:0
BRH:0
end_of_record
TN:
SF:src/utils/actions.ts
FN:27,setBatch
FN:31,setError
FN:35,setErrorReset
FN:39,setHistoryCursor
FN:43,setReset
FN:47,setConfig
FN:51,setPageKey
FN:55,setParsedDoc
FN:59,setRawDoc
FN:63,setUserHistory
FNF:10
FNH:10
FNDA:3,setBatch
FNDA:5,setError
FNDA:2,setErrorReset
FNDA:2,setHistoryCursor
FNDA:2,setReset
FNDA:3,setConfig
FNDA:2,setPageKey
FNDA:2,setParsedDoc
FNDA:4,setRawDoc
FNDA:2,setUserHistory
DA:1,1
DA:2,1
DA:3,1
DA:4,1
DA:5,1
DA:6,1
DA:7,1
DA:8,1
DA:9,1
DA:10,1
DA:11,1
DA:12,1
DA:13,1
DA:14,1
DA:15,1
DA:16,1
DA:17,1
DA:18,1
DA:19,1
DA:20,1
DA:21,1
DA:22,1
DA:23,1
DA:24,1
DA:25,1
DA:26,1
DA:27,1
DA:28,3
DA:29,3
DA:30,1
DA:31,1
DA:32,5
DA:33,5
DA:34,1
DA:35,1
DA:36,2
DA:37,2
DA:38,1
DA:39,1
DA:40,2
DA:41,2
DA:42,1
DA:43,1
DA:44,2
DA:45,2
DA:46,1
DA:47,1
DA:48,3
DA:49,3
DA:50,1
DA:51,1
DA:52,2
DA:53,2
DA:54,1
DA:55,1
DA:56,2
DA:57,2
DA:58,1
DA:59,1
DA:60,4
DA:61,4
DA:62,1
DA:63,1
DA:64,2
DA:65,2
LF:65
LH:65
BRDA:4,0,0,4
BRDA:27,1,0,3
BRDA:31,2,0,5
BRDA:35,3,0,2
BRDA:39,4,0,2
BRDA:43,5,0,2
BRDA:47,6,0,3
BRDA:51,7,0,2
BRDA:55,8,0,2
BRDA:59,9,0,4
BRDA:63,10,0,2
BRF:11
BRH:11
end_of_record
TN:
SF:src/utils/error.ts
FN:3,showError
FNF:1
FNH:1
FNDA:1,showError
DA:1,1
DA:2,1
DA:3,1
DA:4,1
DA:5,1
LF:5
LH:5
BRDA:3,0,0,1
BRF:1
BRH:1
end_of_record
TN:
SF:src/utils/index.ts
FN:3,subscriptionToDisposable
FN:5,dispose
FNF:2
FNH:2
FNDA:1,subscriptionToDisposable
FNDA:1,dispose
DA:1,1
DA:2,1
DA:3,1
DA:4,1
DA:5,1
DA:6,1
DA:7,1
DA:8,1
DA:9,1
LF:9
LH:9
BRDA:3,0,0,1
BRDA:5,1,0,1
BRF:2
BRH:2
end_of_record
TN:
SF:src/utils/load.ts
FN:7,loadDoc
FNF:1
FNH:1
FNDA:2,loadDoc
DA:1,1
DA:2,1
DA:3,1
DA:4,1
DA:5,1
DA:6,1
DA:7,1
DA:8,2
DA:9,2
DA:10,2
DA:11,1
DA:12,1
DA:13,1
DA:14,1
DA:15,2
LF:15
LH:15
BRDA:7,0,0,2
BRDA:8,1,0,1
BRDA:10,2,0,1
BRF:3
BRH:3
end_of_record
TN:
SF:src/utils/queue.ts
FN:8,fromArray
FN:11,get length
FN:17,dequeue
FN:25,enqueue
FNF:4
FNH:3
FNDA:4,fromArray
FNDA:8,get length
FNDA:4,dequeue
FNDA:0,enqueue
DA:1,1
DA:2,1
DA:3,1
DA:4,1
DA:5,1
DA:6,1
DA:7,1
DA:8,1
DA:9,4
DA:10,4
DA:11,4
DA:12,8
DA:13,8
DA:14,4
DA:15,4
DA:16,1
DA:17,1
DA:18,4
DA:19,4
DA:20,4
DA:21,0
DA:22,0
DA:23,4
DA:24,1
DA:25,1
DA:26,0
DA:27,0
LF:27
LH:23
BRDA:8,0,0,4
BRDA:11,1,0,8
BRDA:17,2,0,4
BRDA:20,3,0,0
BRF:4
BRH:3
end_of_record
TN:
SF:src/utils/state.ts
FN:9,getInitialState
FN:24,updateInternal
FN:98,update
FN:107,slice
FNF:4
FNH:4
FNDA:4,getInitialState
FNDA:15,updateInternal
FNDA:4,update
FNDA:2,slice
DA:1,1
DA:2,1
DA:3,1
DA:4,1
DA:5,1
DA:6,1
DA:7,1
DA:8,1
DA:9,1
DA:10,1
DA:11,1
DA:12,1
DA:13,1
DA:14,1
DA:15,1
DA:16,1
DA:17,1
DA:18,1
DA:19,1
DA:20,1
DA:21,1
DA:22,1
DA:23,1
DA:24,1
DA:25,15
DA:26,15
DA:27,2
DA:28,2
DA:29,2
DA:30,2
DA:31,2
DA:32,2
DA:33,15
DA:34,3
DA:35,3
DA:36,3
DA:37,15
DA:38,1
DA:39,1
DA:40,15
DA:41,1
DA:42,1
DA:43,15
DA:44,2
DA:45,2
DA:46,2
DA:47,15
DA:48,1
DA:49,1
DA:50,15
DA:51,1
DA:52,1
DA:53,15
DA:54,1
DA:55,1
DA:56,15
DA:57,2
DA:58,2
DA:59,2
DA:60,15
DA:61,1
DA:62,1
DA:63,1
DA:64,1
DA:65,1
DA:66,1
DA:67,1
DA:68,1
DA:69,1
DA:70,1
DA:71,1
DA:72,15
DA:73,15
DA:74,1
DA:75,1
DA:76,1
DA:77,1
DA:78,1
DA:79,1
DA:80,1
DA:81,1
DA:82,1
DA:83,1
DA:84,1
DA:85,1
DA:86,1
DA:87,1
DA:88,1
DA:89,1
DA:90,1
DA:91,1
DA:92,1
DA:93,1
DA:94,1
DA:95,1
DA:96,1
DA:97,1
DA:98,1
DA:99,4
DA:100,4
DA:101,4
DA:102,4
DA:103,4
DA:104,4
DA:105,1
DA:106,1
DA:107,1
DA:108,2
DA:109,3
DA:110,3
DA:111,3
DA:112,7
DA:113,31
DA:114,31
DA:115,7
DA:116,7
DA:117,3
DA:118,3
DA:119,3
DA:120,3
LF:120
LH:120
BRDA:9,0,0,4
BRDA:24,1,0,15
BRDA:26,2,0,2
BRDA:33,3,0,3
BRDA:37,4,0,1
BRDA:40,5,0,1
BRDA:43,6,0,2
BRDA:47,7,0,1
BRDA:50,8,0,1
BRDA:53,9,0,1
BRDA:56,10,0,2
BRDA:60,11,0,1
BRDA:28,12,0,11
BRDA:75,13,0,3
BRDA:98,14,0,4
BRDA:107,15,0,2
BRDA:108,16,0,3
BRDA:111,17,0,7
BRDA:112,18,0,31
BRF:19
BRH:19
end_of_record
